  Source.cpp
c:\users\brock\pictures\furry-octo-train\source\repos\project1\project1\source.cpp(85): warning C4244: 'argument': conversion from 'T' to 'T', possible loss of data
          with
          [
              T=unsigned int
          ]
          and
          [
              T=float
          ]
c:\users\brock\pictures\furry-octo-train\source\repos\project1\project1\source.cpp(195): warning C4244: 'argument': conversion from 'double' to 'float', possible loss of data
c:\users\brock\pictures\furry-octo-train\source\repos\project1\project1\source.cpp(285): warning C4305: 'argument': truncation from 'double' to 'T'
          with
          [
              T=float
          ]
c:\users\brock\pictures\furry-octo-train\source\repos\project1\project1\source.cpp(286): warning C4305: 'argument': truncation from 'double' to 'T'
          with
          [
              T=float
          ]
  Project1.vcxproj -> C:\Users\Brock\Pictures\furry-octo-train\source\repos\Project1\x64\Debug\Project1.exe
